==========================================
SLURM_CLUSTER_NAME = paramrudra
SLURM_ARRAY_JOB_ID = 
SLURM_ARRAY_TASK_ID = 
SLURM_ARRAY_TASK_COUNT = 
SLURM_ARRAY_TASK_MAX = 
SLURM_ARRAY_TASK_MIN = 
SLURM_JOB_ACCOUNT = iitk
SLURM_JOB_ID = 19562
SLURM_JOB_NAME = a2_P32_n240
SLURM_JOB_NODELIST = rdcn25
SLURM_JOB_USER = iitk_57
SLURM_JOB_UID = 55897
SLURM_JOB_PARTITION = standard
SLURM_TASK_PID = 3427798
SLURM_SUBMIT_DIR = /home/iitk_57
SLURM_CPUS_ON_NODE = 32
SLURM_NTASKS = 32
SLURM_TASK_PID = 3427798
==========================================
=== Run 1 ===
33195950 33187818
15607342 15595700
9397479 9396205
6470662 6464177
4884113 4872488
4.851374933496
=== Run 2 ===
33195950 33187818
15607342 15595700
9397479 9396205
6470662 6464177
4884113 4872488
4.876529002562
=== Run 3 ===
33195950 33187818
15607342 15595700
9397479 9396205
6470662 6464177
4884113 4872488
4.911803958938
=== Run 4 ===
33195950 33187818
15607342 15595700
9397479 9396205
6470662 6464177
4884113 4872488
4.883515825495
=== Run 5 ===
33195950 33187818
15607342 15595700
9397479 9396205
6470662 6464177
4884113 4872488
4.887683823705
