==========================================
SLURM_CLUSTER_NAME = paramrudra
SLURM_ARRAY_JOB_ID = 
SLURM_ARRAY_TASK_ID = 
SLURM_ARRAY_TASK_COUNT = 
SLURM_ARRAY_TASK_MAX = 
SLURM_ARRAY_TASK_MIN = 
SLURM_JOB_ACCOUNT = iitk
SLURM_JOB_ID = 19574
SLURM_JOB_NAME = a2_P48_n240
SLURM_JOB_NODELIST = rdcn27
SLURM_JOB_USER = iitk_57
SLURM_JOB_UID = 55897
SLURM_JOB_PARTITION = standard
SLURM_TASK_PID = 1783958
SLURM_SUBMIT_DIR = /home/iitk_57
SLURM_CPUS_ON_NODE = 48
SLURM_NTASKS = 48
SLURM_TASK_PID = 1783958
==========================================
=== Run 1 ===
33258786 33250453
15701858 15690891
9512526 9510689
6573558 6566245
4980358 4971196
4.785677401349
=== Run 2 ===
33258786 33250453
15701858 15690891
9512526 9510689
6573558 6566245
4980358 4971196
4.763692835346
=== Run 3 ===
33258786 33250453
15701858 15690891
9512526 9510689
6573558 6566245
4980358 4971196
4.790461516008
=== Run 4 ===
33258786 33250453
15701858 15690891
9512526 9510689
6573558 6566245
4980358 4971196
4.810741962865
=== Run 5 ===
33258786 33250453
15701858 15690891
9512526 9510689
6573558 6566245
4980358 4971196
4.799529248849
