==========================================
SLURM_CLUSTER_NAME = paramrudra
SLURM_ARRAY_JOB_ID = 
SLURM_ARRAY_TASK_ID = 
SLURM_ARRAY_TASK_COUNT = 
SLURM_ARRAY_TASK_MAX = 
SLURM_ARRAY_TASK_MIN = 
SLURM_JOB_ACCOUNT = iitk
SLURM_JOB_ID = 19567
SLURM_JOB_NAME = a2_P48_n120
SLURM_JOB_NODELIST = rdcn27
SLURM_JOB_USER = iitk_57
SLURM_JOB_UID = 55897
SLURM_JOB_PARTITION = standard
SLURM_TASK_PID = 1781889
SLURM_SUBMIT_DIR = /home/iitk_57
SLURM_CPUS_ON_NODE = 48
SLURM_NTASKS = 48
SLURM_TASK_PID = 1781889
==========================================
=== Run 1 ===
311713 313257
68825 70328
15180 15414
3267 3081
542 602
0.555406332016
=== Run 2 ===
311713 313257
68825 70328
15180 15414
3267 3081
542 602
0.554214334115
=== Run 3 ===
311713 313257
68825 70328
15180 15414
3267 3081
542 602
0.551836162806
=== Run 4 ===
311713 313257
68825 70328
15180 15414
3267 3081
542 602
0.556650921702
=== Run 5 ===
311713 313257
68825 70328
15180 15414
3267 3081
542 602
0.551980692893
