==========================================
SLURM_CLUSTER_NAME = paramrudra
SLURM_ARRAY_JOB_ID = 
SLURM_ARRAY_TASK_ID = 
SLURM_ARRAY_TASK_COUNT = 
SLURM_ARRAY_TASK_MAX = 
SLURM_ARRAY_TASK_MIN = 
SLURM_JOB_ACCOUNT = iitk
SLURM_JOB_ID = 19585
SLURM_JOB_NAME = a2_P64_n240
SLURM_JOB_NODELIST = rdcn[35-36]
SLURM_JOB_USER = iitk_57
SLURM_JOB_UID = 55897
SLURM_JOB_PARTITION = standard
SLURM_TASK_PID = 888885
SLURM_SUBMIT_DIR = /home/iitk_57
SLURM_CPUS_ON_NODE = 32
SLURM_NTASKS = 64
SLURM_TASK_PID = 888885
==========================================
=== Run 1 ===
33195908 33187850
15607342 15595700
9397479 9396205
6470662 6464177
4884113 4872488
4.429036907852
=== Run 2 ===
33195908 33187850
15607342 15595700
9397479 9396205
6470662 6464177
4884113 4872488
4.446591860615
=== Run 3 ===
33195908 33187850
15607342 15595700
9397479 9396205
6470662 6464177
4884113 4872488
4.483208161313
=== Run 4 ===
33195908 33187850
15607342 15595700
9397479 9396205
6470662 6464177
4884113 4872488
4.472724252846
=== Run 5 ===
33195908 33187850
15607342 15595700
9397479 9396205
6470662 6464177
4884113 4872488
4.491596308071
