==========================================
SLURM_CLUSTER_NAME = paramrudra
SLURM_ARRAY_JOB_ID = 
SLURM_ARRAY_TASK_ID = 
SLURM_ARRAY_TASK_COUNT = 
SLURM_ARRAY_TASK_MAX = 
SLURM_ARRAY_TASK_MIN = 
SLURM_JOB_ACCOUNT = iitk
SLURM_JOB_ID = 19580
SLURM_JOB_NAME = a2_P64_n120
SLURM_JOB_NODELIST = rdcn[30-31]
SLURM_JOB_USER = iitk_57
SLURM_JOB_UID = 55897
SLURM_JOB_PARTITION = standard
SLURM_TASK_PID = 2062780
SLURM_SUBMIT_DIR = /home/iitk_57
SLURM_CPUS_ON_NODE = 32
SLURM_NTASKS = 64
SLURM_TASK_PID = 2062780
==========================================
=== Run 1 ===
312107 313509
68905 70422
15216 15442
3271 3081
542 602
0.561073975638
=== Run 2 ===
312107 313509
68905 70422
15216 15442
3271 3081
542 602
0.558984991163
=== Run 3 ===
312107 313509
68905 70422
15216 15442
3271 3081
542 602
0.566006671637
=== Run 4 ===
312107 313509
68905 70422
15216 15442
3271 3081
542 602
0.559021592140
=== Run 5 ===
312107 313509
68905 70422
15216 15442
3271 3081
542 602
0.566208548844
