==========================================
SLURM_CLUSTER_NAME = paramrudra
SLURM_ARRAY_JOB_ID = 
SLURM_ARRAY_TASK_ID = 
SLURM_ARRAY_TASK_COUNT = 
SLURM_ARRAY_TASK_MAX = 
SLURM_ARRAY_TASK_MIN = 
SLURM_JOB_ACCOUNT = iitk
SLURM_JOB_ID = 19590
SLURM_JOB_NAME = a2_P96_n120
SLURM_JOB_NODELIST = rdcn[35-36]
SLURM_JOB_USER = iitk_57
SLURM_JOB_UID = 55897
SLURM_JOB_PARTITION = standard
SLURM_TASK_PID = 889417
SLURM_SUBMIT_DIR = /home/iitk_57
SLURM_CPUS_ON_NODE = 48
SLURM_NTASKS = 96
SLURM_TASK_PID = 889417
==========================================
=== Run 1 ===
311713 313257
68825 70328
15180 15414
3267 3081
542 602
0.568609458860
=== Run 2 ===
311713 313257
68825 70328
15180 15414
3267 3081
542 602
0.590613097418
=== Run 3 ===
311713 313257
68825 70328
15180 15414
3267 3081
542 602
0.573700533248
=== Run 4 ===
311713 313257
68825 70328
15180 15414
3267 3081
542 602
0.572944147978
=== Run 5 ===
311713 313257
68825 70328
15180 15414
3267 3081
542 602
0.574822513852
