==========================================
SLURM_CLUSTER_NAME = paramrudra
SLURM_ARRAY_JOB_ID = 
SLURM_ARRAY_TASK_ID = 
SLURM_ARRAY_TASK_COUNT = 
SLURM_ARRAY_TASK_MAX = 
SLURM_ARRAY_TASK_MIN = 
SLURM_JOB_ACCOUNT = iitk
SLURM_JOB_ID = 19593
SLURM_JOB_NAME = a2_P96_n240
SLURM_JOB_NODELIST = rdcn[30-31]
SLURM_JOB_USER = iitk_57
SLURM_JOB_UID = 55897
SLURM_JOB_PARTITION = standard
SLURM_TASK_PID = 2066005
SLURM_SUBMIT_DIR = /home/iitk_57
SLURM_CPUS_ON_NODE = 48
SLURM_NTASKS = 96
SLURM_TASK_PID = 2066005
==========================================
=== Run 1 ===
33258667 33250423
15701858 15690891
9512526 9510689
6573558 6566245
4980358 4971196
4.729814182967
=== Run 2 ===
33258667 33250423
15701858 15690891
9512526 9510689
6573558 6566245
4980358 4971196
4.724459715188
=== Run 3 ===
33258667 33250423
15701858 15690891
9512526 9510689
6573558 6566245
4980358 4971196
4.729478327557
=== Run 4 ===
33258667 33250423
15701858 15690891
9512526 9510689
6573558 6566245
4980358 4971196
4.742144061252
=== Run 5 ===
33258667 33250423
15701858 15690891
9512526 9510689
6573558 6566245
4980358 4971196
4.739683443680
